The system is: Linux - 3.10.0-1160.83.1.el7.x86_64 - x86_64
Compiling the CXX compiler identification source file "CMakeCXXCompilerId.cpp" succeeded.
Compiler: /opt/rh/devtoolset-12/root/usr/bin/c++ 
Build flags: 
Id flags:  

The output was:
0


Compilation of the CXX compiler identification source "CMakeCXXCompilerId.cpp" produced "a.out"

The CXX compiler identification is GNU, found in "/home/cnutsukpui/Desktop/cpp/PolyOO/build/CMakeFiles/3.25.2/CompilerIdCXX/a.out"

Detecting CXX compiler ABI info compiled with the following output:
Change Dir: /home/cnutsukpui/Desktop/cpp/PolyOO/build/CMakeFiles/CMakeScratch/TryCompile-apDoco

Run Build Command(s):/usr/bin/ninja-build cmTC_bfbee && [1/2] Building CXX object CMakeFiles/cmTC_bfbee.dir/CMakeCXXCompilerABI.cpp.o
Using built-in specs.
COLLECT_GCC=/opt/rh/devtoolset-12/root/usr/bin/c++
Target: x86_64-redhat-linux
Configured with: ../configure --enable-bootstrap --enable-languages=c,c++,fortran,lto --prefix=/opt/rh/devtoolset-12/root/usr --mandir=/opt/rh/devtoolset-12/root/usr/share/man --infodir=/opt/rh/devtoolset-12/root/usr/share/info --with-bugurl=http://bugzilla.redhat.com/bugzilla --enable-shared --enable-threads=posix --enable-checking=release --enable-multilib --with-system-zlib --enable-__cxa_atexit --disable-libunwind-exceptions --enable-gnu-unique-object --enable-linker-build-id --with-gcc-major-version-only --enable-libstdcxx-backtrace --with-linker-hash-style=gnu --with-default-libstdcxx-abi=gcc4-compatible --enable-plugin --enable-initfini-array --with-isl=/builddir/build/BUILD/gcc-12.1.1-20220628/obj-x86_64-redhat-linux/isl-install --enable-gnu-indirect-function --with-tune=generic --with-arch_32=x86-64 --build=x86_64-redhat-linux
Thread model: posix
Supported LTO compression algorithms: zlib
gcc version 12.1.1 20220628 (Red Hat 12.1.1-3) (GCC) 
COLLECT_GCC_OPTIONS='-v' '-o' 'CMakeFiles/cmTC_bfbee.dir/CMakeCXXCompilerABI.cpp.o' '-c' '-shared-libgcc' '-mtune=generic' '-march=x86-64' '-dumpdir' 'CMakeFiles/cmTC_bfbee.dir/'
 /opt/rh/devtoolset-12/root/usr/libexec/gcc/x86_64-redhat-linux/12/cc1plus -quiet -v -D_GNU_SOURCE /opt/cmake-3.25.2-linux-x86_64/share/cmake-3.25/Modules/CMakeCXXCompilerABI.cpp -quiet -dumpdir CMakeFiles/cmTC_bfbee.dir/ -dumpbase CMakeCXXCompilerABI.cpp.cpp -dumpbase-ext .cpp -mtune=generic -march=x86-64 -version -o /tmp/ccCFw1kq.s
GNU C++17 (GCC) version 12.1.1 20220628 (Red Hat 12.1.1-3) (x86_64-redhat-linux)
	compiled by GNU C version 12.1.1 20220628 (Red Hat 12.1.1-3), GMP version 6.0.0, MPFR version 3.1.1, MPC version 1.0.1, isl version isl-0.18-GMP

GGC heuristics: --param ggc-min-expand=100 --param ggc-min-heapsize=131072
ignoring nonexistent directory "/opt/rh/devtoolset-12/root/usr/lib/gcc/x86_64-redhat-linux/12/include-fixed"
ignoring nonexistent directory "/opt/rh/devtoolset-12/root/usr/lib/gcc/x86_64-redhat-linux/12/../../../../x86_64-redhat-linux/include"
#include "..." search starts here:
#include <...> search starts here:
 /opt/rh/devtoolset-12/root/usr/lib/gcc/x86_64-redhat-linux/12/../../../../include/c++/12
 /opt/rh/devtoolset-12/root/usr/lib/gcc/x86_64-redhat-linux/12/../../../../include/c++/12/x86_64-redhat-linux
 /opt/rh/devtoolset-12/root/usr/lib/gcc/x86_64-redhat-linux/12/../../../../include/c++/12/backward
 /opt/rh/devtoolset-12/root/usr/lib/gcc/x86_64-redhat-linux/12/include
 /usr/local/include
 /opt/rh/devtoolset-12/root/usr/include
 /usr/include
End of search list.
GNU C++17 (GCC) version 12.1.1 20220628 (Red Hat 12.1.1-3) (x86_64-redhat-linux)
	compiled by GNU C version 12.1.1 20220628 (Red Hat 12.1.1-3), GMP version 6.0.0, MPFR version 3.1.1, MPC version 1.0.1, isl version isl-0.18-GMP

GGC heuristics: --param ggc-min-expand=100 --param ggc-min-heapsize=131072
Compiler executable checksum: 7200a10ad3848eb00e355eceaa4aa487
COLLECT_GCC_OPTIONS='-v' '-o' 'CMakeFiles/cmTC_bfbee.dir/CMakeCXXCompilerABI.cpp.o' '-c' '-shared-libgcc' '-mtune=generic' '-march=x86-64' '-dumpdir' 'CMakeFiles/cmTC_bfbee.dir/'
 /opt/rh/devtoolset-12/root/usr/libexec/gcc/x86_64-redhat-linux/12/as -v --64 -o CMakeFiles/cmTC_bfbee.dir/CMakeCXXCompilerABI.cpp.o /tmp/ccCFw1kq.s
GNU assembler version 2.36.1 (x86_64-redhat-linux) using BFD version version 2.36.1-4.el7
COMPILER_PATH=/opt/rh/devtoolset-12/root/usr/libexec/gcc/x86_64-redhat-linux/12/:/opt/rh/devtoolset-12/root/usr/libexec/gcc/x86_64-redhat-linux/12/:/opt/rh/devtoolset-12/root/usr/libexec/gcc/x86_64-redhat-linux/:/opt/rh/devtoolset-12/root/usr/lib/gcc/x86_64-redhat-linux/12/:/opt/rh/devtoolset-12/root/usr/lib/gcc/x86_64-redhat-linux/
LIBRARY_PATH=/opt/rh/devtoolset-12/root/usr/lib/gcc/x86_64-redhat-linux/12/:/opt/rh/devtoolset-12/root/usr/lib/gcc/x86_64-redhat-linux/12/../../../../lib64/:/lib/../lib64/:/usr/lib/../lib64/:/opt/rh/devtoolset-12/root/usr/lib/gcc/x86_64-redhat-linux/12/../../../:/lib/:/usr/lib/
COLLECT_GCC_OPTIONS='-v' '-o' 'CMakeFiles/cmTC_bfbee.dir/CMakeCXXCompilerABI.cpp.o' '-c' '-shared-libgcc' '-mtune=generic' '-march=x86-64' '-dumpdir' 'CMakeFiles/cmTC_bfbee.dir/CMakeCXXCompilerABI.cpp.'
[2/2] Linking CXX executable cmTC_bfbee
Using built-in specs.
COLLECT_GCC=/opt/rh/devtoolset-12/root/usr/bin/c++
COLLECT_LTO_WRAPPER=/opt/rh/devtoolset-12/root/usr/libexec/gcc/x86_64-redhat-linux/12/lto-wrapper
Target: x86_64-redhat-linux
Configured with: ../configure --enable-bootstrap --enable-languages=c,c++,fortran,lto --prefix=/opt/rh/devtoolset-12/root/usr --mandir=/opt/rh/devtoolset-12/root/usr/share/man --infodir=/opt/rh/devtoolset-12/root/usr/share/info --with-bugurl=http://bugzilla.redhat.com/bugzilla --enable-shared --enable-threads=posix --enable-checking=release --enable-multilib --with-system-zlib --enable-__cxa_atexit --disable-libunwind-exceptions --enable-gnu-unique-object --enable-linker-build-id --with-gcc-major-version-only --enable-libstdcxx-backtrace --with-linker-hash-style=gnu --with-default-libstdcxx-abi=gcc4-compatible --enable-plugin --enable-initfini-array --with-isl=/builddir/build/BUILD/gcc-12.1.1-20220628/obj-x86_64-redhat-linux/isl-install --enable-gnu-indirect-function --with-tune=generic --with-arch_32=x86-64 --build=x86_64-redhat-linux
Thread model: posix
Supported LTO compression algorithms: zlib
gcc version 12.1.1 20220628 (Red Hat 12.1.1-3) (GCC) 
COMPILER_PATH=/opt/rh/devtoolset-12/root/usr/libexec/gcc/x86_64-redhat-linux/12/:/opt/rh/devtoolset-12/root/usr/libexec/gcc/x86_64-redhat-linux/12/:/opt/rh/devtoolset-12/root/usr/libexec/gcc/x86_64-redhat-linux/:/opt/rh/devtoolset-12/root/usr/lib/gcc/x86_64-redhat-linux/12/:/opt/rh/devtoolset-12/root/usr/lib/gcc/x86_64-redhat-linux/
LIBRARY_PATH=/opt/rh/devtoolset-12/root/usr/lib/gcc/x86_64-redhat-linux/12/:/opt/rh/devtoolset-12/root/usr/lib/gcc/x86_64-redhat-linux/12/../../../../lib64/:/lib/../lib64/:/usr/lib/../lib64/:/opt/rh/devtoolset-12/root/usr/lib/gcc/x86_64-redhat-linux/12/../../../:/lib/:/usr/lib/
COLLECT_GCC_OPTIONS='-v' '-o' 'cmTC_bfbee' '-shared-libgcc' '-mtune=generic' '-march=x86-64' '-dumpdir' 'cmTC_bfbee.'
 /opt/rh/devtoolset-12/root/usr/libexec/gcc/x86_64-redhat-linux/12/collect2 -plugin /opt/rh/devtoolset-12/root/usr/libexec/gcc/x86_64-redhat-linux/12/liblto_plugin.so -plugin-opt=/opt/rh/devtoolset-12/root/usr/libexec/gcc/x86_64-redhat-linux/12/lto-wrapper -plugin-opt=-fresolution=/tmp/cclpP2Lr.res -plugin-opt=-pass-through=-lgcc_s -plugin-opt=-pass-through=-lgcc -plugin-opt=-pass-through=-lc -plugin-opt=-pass-through=-lgcc_s -plugin-opt=-pass-through=-lgcc --build-id --no-add-needed --eh-frame-hdr --hash-style=gnu -m elf_x86_64 -dynamic-linker /lib64/ld-linux-x86-64.so.2 -o cmTC_bfbee /lib/../lib64/crt1.o /lib/../lib64/crti.o /opt/rh/devtoolset-12/root/usr/lib/gcc/x86_64-redhat-linux/12/crtbegin.o -L/opt/rh/devtoolset-12/root/usr/lib/gcc/x86_64-redhat-linux/12 -L/opt/rh/devtoolset-12/root/usr/lib/gcc/x86_64-redhat-linux/12/../../../../lib64 -L/lib/../lib64 -L/usr/lib/../lib64 -L/opt/rh/devtoolset-12/root/usr/lib/gcc/x86_64-redhat-linux/12/../../.. CMakeFiles/cmTC_bfbee.dir/CMakeCXXCompilerABI.cpp.o -lstdc++ -lm -lgcc_s -lgcc -lc -lgcc_s -lgcc /opt/rh/devtoolset-12/root/usr/lib/gcc/x86_64-redhat-linux/12/crtend.o /lib/../lib64/crtn.o
COLLECT_GCC_OPTIONS='-v' '-o' 'cmTC_bfbee' '-shared-libgcc' '-mtune=generic' '-march=x86-64' '-dumpdir' 'cmTC_bfbee.'



Parsed CXX implicit include dir info from above output: rv=done
  found start of include info
  found start of implicit include info
    add: [/opt/rh/devtoolset-12/root/usr/lib/gcc/x86_64-redhat-linux/12/../../../../include/c++/12]
    add: [/opt/rh/devtoolset-12/root/usr/lib/gcc/x86_64-redhat-linux/12/../../../../include/c++/12/x86_64-redhat-linux]
    add: [/opt/rh/devtoolset-12/root/usr/lib/gcc/x86_64-redhat-linux/12/../../../../include/c++/12/backward]
    add: [/opt/rh/devtoolset-12/root/usr/lib/gcc/x86_64-redhat-linux/12/include]
    add: [/usr/local/include]
    add: [/opt/rh/devtoolset-12/root/usr/include]
    add: [/usr/include]
  end of search list found
  collapse include dir [/opt/rh/devtoolset-12/root/usr/lib/gcc/x86_64-redhat-linux/12/../../../../include/c++/12] ==> [/opt/rh/devtoolset-12/root/usr/include/c++/12]
  collapse include dir [/opt/rh/devtoolset-12/root/usr/lib/gcc/x86_64-redhat-linux/12/../../../../include/c++/12/x86_64-redhat-linux] ==> [/opt/rh/devtoolset-12/root/usr/include/c++/12/x86_64-redhat-linux]
  collapse include dir [/opt/rh/devtoolset-12/root/usr/lib/gcc/x86_64-redhat-linux/12/../../../../include/c++/12/backward] ==> [/opt/rh/devtoolset-12/root/usr/include/c++/12/backward]
  collapse include dir [/opt/rh/devtoolset-12/root/usr/lib/gcc/x86_64-redhat-linux/12/include] ==> [/opt/rh/devtoolset-12/root/usr/lib/gcc/x86_64-redhat-linux/12/include]
  collapse include dir [/usr/local/include] ==> [/usr/local/include]
  collapse include dir [/opt/rh/devtoolset-12/root/usr/include] ==> [/opt/rh/devtoolset-12/root/usr/include]
  collapse include dir [/usr/include] ==> [/usr/include]
  implicit include dirs: [/opt/rh/devtoolset-12/root/usr/include/c++/12;/opt/rh/devtoolset-12/root/usr/include/c++/12/x86_64-redhat-linux;/opt/rh/devtoolset-12/root/usr/include/c++/12/backward;/opt/rh/devtoolset-12/root/usr/lib/gcc/x86_64-redhat-linux/12/include;/usr/local/include;/opt/rh/devtoolset-12/root/usr/include;/usr/include]


Parsed CXX implicit link information from above output:
  link line regex: [^( *|.*[/\])(ld|CMAKE_LINK_STARTFILE-NOTFOUND|([^/\]+-)?ld|collect2)[^/\]*( |$)]
  ignore line: [Change Dir: /home/cnutsukpui/Desktop/cpp/PolyOO/build/CMakeFiles/CMakeScratch/TryCompile-apDoco]
  ignore line: []
  ignore line: [Run Build Command(s):/usr/bin/ninja-build cmTC_bfbee && [1/2] Building CXX object CMakeFiles/cmTC_bfbee.dir/CMakeCXXCompilerABI.cpp.o]
  ignore line: [Using built-in specs.]
  ignore line: [COLLECT_GCC=/opt/rh/devtoolset-12/root/usr/bin/c++]
  ignore line: [Target: x86_64-redhat-linux]
  ignore line: [Configured with: ../configure --enable-bootstrap --enable-languages=c c++ fortran lto --prefix=/opt/rh/devtoolset-12/root/usr --mandir=/opt/rh/devtoolset-12/root/usr/share/man --infodir=/opt/rh/devtoolset-12/root/usr/share/info --with-bugurl=http://bugzilla.redhat.com/bugzilla --enable-shared --enable-threads=posix --enable-checking=release --enable-multilib --with-system-zlib --enable-__cxa_atexit --disable-libunwind-exceptions --enable-gnu-unique-object --enable-linker-build-id --with-gcc-major-version-only --enable-libstdcxx-backtrace --with-linker-hash-style=gnu --with-default-libstdcxx-abi=gcc4-compatible --enable-plugin --enable-initfini-array --with-isl=/builddir/build/BUILD/gcc-12.1.1-20220628/obj-x86_64-redhat-linux/isl-install --enable-gnu-indirect-function --with-tune=generic --with-arch_32=x86-64 --build=x86_64-redhat-linux]
  ignore line: [Thread model: posix]
  ignore line: [Supported LTO compression algorithms: zlib]
  ignore line: [gcc version 12.1.1 20220628 (Red Hat 12.1.1-3) (GCC) ]
  ignore line: [COLLECT_GCC_OPTIONS='-v' '-o' 'CMakeFiles/cmTC_bfbee.dir/CMakeCXXCompilerABI.cpp.o' '-c' '-shared-libgcc' '-mtune=generic' '-march=x86-64' '-dumpdir' 'CMakeFiles/cmTC_bfbee.dir/']
  ignore line: [ /opt/rh/devtoolset-12/root/usr/libexec/gcc/x86_64-redhat-linux/12/cc1plus -quiet -v -D_GNU_SOURCE /opt/cmake-3.25.2-linux-x86_64/share/cmake-3.25/Modules/CMakeCXXCompilerABI.cpp -quiet -dumpdir CMakeFiles/cmTC_bfbee.dir/ -dumpbase CMakeCXXCompilerABI.cpp.cpp -dumpbase-ext .cpp -mtune=generic -march=x86-64 -version -o /tmp/ccCFw1kq.s]
  ignore line: [GNU C++17 (GCC) version 12.1.1 20220628 (Red Hat 12.1.1-3) (x86_64-redhat-linux)]
  ignore line: [	compiled by GNU C version 12.1.1 20220628 (Red Hat 12.1.1-3)  GMP version 6.0.0  MPFR version 3.1.1  MPC version 1.0.1  isl version isl-0.18-GMP]
  ignore line: []
  ignore line: [GGC heuristics: --param ggc-min-expand=100 --param ggc-min-heapsize=131072]
  ignore line: [ignoring nonexistent directory "/opt/rh/devtoolset-12/root/usr/lib/gcc/x86_64-redhat-linux/12/include-fixed"]
  ignore line: [ignoring nonexistent directory "/opt/rh/devtoolset-12/root/usr/lib/gcc/x86_64-redhat-linux/12/../../../../x86_64-redhat-linux/include"]
  ignore line: [#include "..." search starts here:]
  ignore line: [#include <...> search starts here:]
  ignore line: [ /opt/rh/devtoolset-12/root/usr/lib/gcc/x86_64-redhat-linux/12/../../../../include/c++/12]
  ignore line: [ /opt/rh/devtoolset-12/root/usr/lib/gcc/x86_64-redhat-linux/12/../../../../include/c++/12/x86_64-redhat-linux]
  ignore line: [ /opt/rh/devtoolset-12/root/usr/lib/gcc/x86_64-redhat-linux/12/../../../../include/c++/12/backward]
  ignore line: [ /opt/rh/devtoolset-12/root/usr/lib/gcc/x86_64-redhat-linux/12/include]
  ignore line: [ /usr/local/include]
  ignore line: [ /opt/rh/devtoolset-12/root/usr/include]
  ignore line: [ /usr/include]
  ignore line: [End of search list.]
  ignore line: [GNU C++17 (GCC) version 12.1.1 20220628 (Red Hat 12.1.1-3) (x86_64-redhat-linux)]
  ignore line: [	compiled by GNU C version 12.1.1 20220628 (Red Hat 12.1.1-3)  GMP version 6.0.0  MPFR version 3.1.1  MPC version 1.0.1  isl version isl-0.18-GMP]
  ignore line: []
  ignore line: [GGC heuristics: --param ggc-min-expand=100 --param ggc-min-heapsize=131072]
  ignore line: [Compiler executable checksum: 7200a10ad3848eb00e355eceaa4aa487]
  ignore line: [COLLECT_GCC_OPTIONS='-v' '-o' 'CMakeFiles/cmTC_bfbee.dir/CMakeCXXCompilerABI.cpp.o' '-c' '-shared-libgcc' '-mtune=generic' '-march=x86-64' '-dumpdir' 'CMakeFiles/cmTC_bfbee.dir/']
  ignore line: [ /opt/rh/devtoolset-12/root/usr/libexec/gcc/x86_64-redhat-linux/12/as -v --64 -o CMakeFiles/cmTC_bfbee.dir/CMakeCXXCompilerABI.cpp.o /tmp/ccCFw1kq.s]
  ignore line: [GNU assembler version 2.36.1 (x86_64-redhat-linux) using BFD version version 2.36.1-4.el7]
  ignore line: [COMPILER_PATH=/opt/rh/devtoolset-12/root/usr/libexec/gcc/x86_64-redhat-linux/12/:/opt/rh/devtoolset-12/root/usr/libexec/gcc/x86_64-redhat-linux/12/:/opt/rh/devtoolset-12/root/usr/libexec/gcc/x86_64-redhat-linux/:/opt/rh/devtoolset-12/root/usr/lib/gcc/x86_64-redhat-linux/12/:/opt/rh/devtoolset-12/root/usr/lib/gcc/x86_64-redhat-linux/]
  ignore line: [LIBRARY_PATH=/opt/rh/devtoolset-12/root/usr/lib/gcc/x86_64-redhat-linux/12/:/opt/rh/devtoolset-12/root/usr/lib/gcc/x86_64-redhat-linux/12/../../../../lib64/:/lib/../lib64/:/usr/lib/../lib64/:/opt/rh/devtoolset-12/root/usr/lib/gcc/x86_64-redhat-linux/12/../../../:/lib/:/usr/lib/]
  ignore line: [COLLECT_GCC_OPTIONS='-v' '-o' 'CMakeFiles/cmTC_bfbee.dir/CMakeCXXCompilerABI.cpp.o' '-c' '-shared-libgcc' '-mtune=generic' '-march=x86-64' '-dumpdir' 'CMakeFiles/cmTC_bfbee.dir/CMakeCXXCompilerABI.cpp.']
  ignore line: [[2/2] Linking CXX executable cmTC_bfbee]
  ignore line: [Using built-in specs.]
  ignore line: [COLLECT_GCC=/opt/rh/devtoolset-12/root/usr/bin/c++]
  ignore line: [COLLECT_LTO_WRAPPER=/opt/rh/devtoolset-12/root/usr/libexec/gcc/x86_64-redhat-linux/12/lto-wrapper]
  ignore line: [Target: x86_64-redhat-linux]
  ignore line: [Configured with: ../configure --enable-bootstrap --enable-languages=c c++ fortran lto --prefix=/opt/rh/devtoolset-12/root/usr --mandir=/opt/rh/devtoolset-12/root/usr/share/man --infodir=/opt/rh/devtoolset-12/root/usr/share/info --with-bugurl=http://bugzilla.redhat.com/bugzilla --enable-shared --enable-threads=posix --enable-checking=release --enable-multilib --with-system-zlib --enable-__cxa_atexit --disable-libunwind-exceptions --enable-gnu-unique-object --enable-linker-build-id --with-gcc-major-version-only --enable-libstdcxx-backtrace --with-linker-hash-style=gnu --with-default-libstdcxx-abi=gcc4-compatible --enable-plugin --enable-initfini-array --with-isl=/builddir/build/BUILD/gcc-12.1.1-20220628/obj-x86_64-redhat-linux/isl-install --enable-gnu-indirect-function --with-tune=generic --with-arch_32=x86-64 --build=x86_64-redhat-linux]
  ignore line: [Thread model: posix]
  ignore line: [Supported LTO compression algorithms: zlib]
  ignore line: [gcc version 12.1.1 20220628 (Red Hat 12.1.1-3) (GCC) ]
  ignore line: [COMPILER_PATH=/opt/rh/devtoolset-12/root/usr/libexec/gcc/x86_64-redhat-linux/12/:/opt/rh/devtoolset-12/root/usr/libexec/gcc/x86_64-redhat-linux/12/:/opt/rh/devtoolset-12/root/usr/libexec/gcc/x86_64-redhat-linux/:/opt/rh/devtoolset-12/root/usr/lib/gcc/x86_64-redhat-linux/12/:/opt/rh/devtoolset-12/root/usr/lib/gcc/x86_64-redhat-linux/]
  ignore line: [LIBRARY_PATH=/opt/rh/devtoolset-12/root/usr/lib/gcc/x86_64-redhat-linux/12/:/opt/rh/devtoolset-12/root/usr/lib/gcc/x86_64-redhat-linux/12/../../../../lib64/:/lib/../lib64/:/usr/lib/../lib64/:/opt/rh/devtoolset-12/root/usr/lib/gcc/x86_64-redhat-linux/12/../../../:/lib/:/usr/lib/]
  ignore line: [COLLECT_GCC_OPTIONS='-v' '-o' 'cmTC_bfbee' '-shared-libgcc' '-mtune=generic' '-march=x86-64' '-dumpdir' 'cmTC_bfbee.']
  link line: [ /opt/rh/devtoolset-12/root/usr/libexec/gcc/x86_64-redhat-linux/12/collect2 -plugin /opt/rh/devtoolset-12/root/usr/libexec/gcc/x86_64-redhat-linux/12/liblto_plugin.so -plugin-opt=/opt/rh/devtoolset-12/root/usr/libexec/gcc/x86_64-redhat-linux/12/lto-wrapper -plugin-opt=-fresolution=/tmp/cclpP2Lr.res -plugin-opt=-pass-through=-lgcc_s -plugin-opt=-pass-through=-lgcc -plugin-opt=-pass-through=-lc -plugin-opt=-pass-through=-lgcc_s -plugin-opt=-pass-through=-lgcc --build-id --no-add-needed --eh-frame-hdr --hash-style=gnu -m elf_x86_64 -dynamic-linker /lib64/ld-linux-x86-64.so.2 -o cmTC_bfbee /lib/../lib64/crt1.o /lib/../lib64/crti.o /opt/rh/devtoolset-12/root/usr/lib/gcc/x86_64-redhat-linux/12/crtbegin.o -L/opt/rh/devtoolset-12/root/usr/lib/gcc/x86_64-redhat-linux/12 -L/opt/rh/devtoolset-12/root/usr/lib/gcc/x86_64-redhat-linux/12/../../../../lib64 -L/lib/../lib64 -L/usr/lib/../lib64 -L/opt/rh/devtoolset-12/root/usr/lib/gcc/x86_64-redhat-linux/12/../../.. CMakeFiles/cmTC_bfbee.dir/CMakeCXXCompilerABI.cpp.o -lstdc++ -lm -lgcc_s -lgcc -lc -lgcc_s -lgcc /opt/rh/devtoolset-12/root/usr/lib/gcc/x86_64-redhat-linux/12/crtend.o /lib/../lib64/crtn.o]
    arg [/opt/rh/devtoolset-12/root/usr/libexec/gcc/x86_64-redhat-linux/12/collect2] ==> ignore
    arg [-plugin] ==> ignore
    arg [/opt/rh/devtoolset-12/root/usr/libexec/gcc/x86_64-redhat-linux/12/liblto_plugin.so] ==> ignore
    arg [-plugin-opt=/opt/rh/devtoolset-12/root/usr/libexec/gcc/x86_64-redhat-linux/12/lto-wrapper] ==> ignore
    arg [-plugin-opt=-fresolution=/tmp/cclpP2Lr.res] ==> ignore
    arg [-plugin-opt=-pass-through=-lgcc_s] ==> ignore
    arg [-plugin-opt=-pass-through=-lgcc] ==> ignore
    arg [-plugin-opt=-pass-through=-lc] ==> ignore
    arg [-plugin-opt=-pass-through=-lgcc_s] ==> ignore
    arg [-plugin-opt=-pass-through=-lgcc] ==> ignore
    arg [--build-id] ==> ignore
    arg [--no-add-needed] ==> ignore
    arg [--eh-frame-hdr] ==> ignore
    arg [--hash-style=gnu] ==> ignore
    arg [-m] ==> ignore
    arg [elf_x86_64] ==> ignore
    arg [-dynamic-linker] ==> ignore
    arg [/lib64/ld-linux-x86-64.so.2] ==> ignore
    arg [-o] ==> ignore
    arg [cmTC_bfbee] ==> ignore
    arg [/lib/../lib64/crt1.o] ==> obj [/lib/../lib64/crt1.o]
    arg [/lib/../lib64/crti.o] ==> obj [/lib/../lib64/crti.o]
    arg [/opt/rh/devtoolset-12/root/usr/lib/gcc/x86_64-redhat-linux/12/crtbegin.o] ==> obj [/opt/rh/devtoolset-12/root/usr/lib/gcc/x86_64-redhat-linux/12/crtbegin.o]
    arg [-L/opt/rh/devtoolset-12/root/usr/lib/gcc/x86_64-redhat-linux/12] ==> dir [/opt/rh/devtoolset-12/root/usr/lib/gcc/x86_64-redhat-linux/12]
    arg [-L/opt/rh/devtoolset-12/root/usr/lib/gcc/x86_64-redhat-linux/12/../../../../lib64] ==> dir [/opt/rh/devtoolset-12/root/usr/lib/gcc/x86_64-redhat-linux/12/../../../../lib64]
    arg [-L/lib/../lib64] ==> dir [/lib/../lib64]
    arg [-L/usr/lib/../lib64] ==> dir [/usr/lib/../lib64]
    arg [-L/opt/rh/devtoolset-12/root/usr/lib/gcc/x86_64-redhat-linux/12/../../..] ==> dir [/opt/rh/devtoolset-12/root/usr/lib/gcc/x86_64-redhat-linux/12/../../..]
    arg [CMakeFiles/cmTC_bfbee.dir/CMakeCXXCompilerABI.cpp.o] ==> ignore
    arg [-lstdc++] ==> lib [stdc++]
    arg [-lm] ==> lib [m]
    arg [-lgcc_s] ==> lib [gcc_s]
    arg [-lgcc] ==> lib [gcc]
    arg [-lc] ==> lib [c]
    arg [-lgcc_s] ==> lib [gcc_s]
    arg [-lgcc] ==> lib [gcc]
    arg [/opt/rh/devtoolset-12/root/usr/lib/gcc/x86_64-redhat-linux/12/crtend.o] ==> obj [/opt/rh/devtoolset-12/root/usr/lib/gcc/x86_64-redhat-linux/12/crtend.o]
    arg [/lib/../lib64/crtn.o] ==> obj [/lib/../lib64/crtn.o]
  collapse obj [/lib/../lib64/crt1.o] ==> [/lib64/crt1.o]
  collapse obj [/lib/../lib64/crti.o] ==> [/lib64/crti.o]
  collapse obj [/lib/../lib64/crtn.o] ==> [/lib64/crtn.o]
  collapse library dir [/opt/rh/devtoolset-12/root/usr/lib/gcc/x86_64-redhat-linux/12] ==> [/opt/rh/devtoolset-12/root/usr/lib/gcc/x86_64-redhat-linux/12]
  collapse library dir [/opt/rh/devtoolset-12/root/usr/lib/gcc/x86_64-redhat-linux/12/../../../../lib64] ==> [/opt/rh/devtoolset-12/root/usr/lib64]
  collapse library dir [/lib/../lib64] ==> [/lib64]
  collapse library dir [/usr/lib/../lib64] ==> [/usr/lib64]
  collapse library dir [/opt/rh/devtoolset-12/root/usr/lib/gcc/x86_64-redhat-linux/12/../../..] ==> [/opt/rh/devtoolset-12/root/usr/lib]
  implicit libs: [stdc++;m;gcc_s;gcc;c;gcc_s;gcc]
  implicit objs: [/lib64/crt1.o;/lib64/crti.o;/opt/rh/devtoolset-12/root/usr/lib/gcc/x86_64-redhat-linux/12/crtbegin.o;/opt/rh/devtoolset-12/root/usr/lib/gcc/x86_64-redhat-linux/12/crtend.o;/lib64/crtn.o]
  implicit dirs: [/opt/rh/devtoolset-12/root/usr/lib/gcc/x86_64-redhat-linux/12;/opt/rh/devtoolset-12/root/usr/lib64;/lib64;/usr/lib64;/opt/rh/devtoolset-12/root/usr/lib]
  implicit fwks: []


