c:\users\chris nutsukpui\desktop\cpp\cpp\cachesim\build\include\debug\cache-lib.pdb
c:\users\chris nutsukpui\desktop\cpp\cpp\cachesim\build\include\cache-lib.dir\debug\sim.obj
c:\users\chris nutsukpui\desktop\cpp\cpp\cachesim\build\include\cache-lib.dir\debug\directmappednotag.obj
c:\users\chris nutsukpui\desktop\cpp\cpp\cachesim\build\include\cache-lib.dir\debug\fifo_replace.obj
c:\users\chris nutsukpui\desktop\cpp\cpp\cachesim\build\include\cache-lib.dir\debug\random_replace.obj
c:\users\chris nutsukpui\desktop\cpp\cpp\cachesim\build\include\cache-lib.dir\debug\ideallru.obj
c:\users\chris nutsukpui\desktop\cpp\cpp\cachesim\build\include\cache-lib.dir\debug\associative.obj
c:\users\chris nutsukpui\desktop\cpp\cpp\cachesim\build\include\cache-lib.dir\debug\directmapped.obj
c:\users\chris nutsukpui\desktop\cpp\cpp\cachesim\build\include\cache-lib.dir\debug\cache.obj
c:\users\chris nutsukpui\desktop\cpp\cpp\cachesim\build\include\cmakefiles\generate.stamp
c:\users\chris nutsukpui\desktop\cpp\cpp\cachesim\build\include\debug\cache-lib.lib
c:\users\chris nutsukpui\desktop\cpp\cpp\cachesim\build\include\debug\cache-lib.dll
c:\users\chris nutsukpui\desktop\cpp\cpp\cachesim\build\include\cache-lib.dir\debug\cache-lib.ilk
c:\users\chris nutsukpui\desktop\cpp\cpp\cachesim\build\include\cache-lib.dir\debug\vc143.pdb
c:\users\chris nutsukpui\desktop\cpp\cpp\cachesim\build\include\cache-lib.dir\debug\cache-lib.tlog\cl.command.1.tlog
c:\users\chris nutsukpui\desktop\cpp\cpp\cachesim\build\include\cache-lib.dir\debug\cache-lib.tlog\cl.items.tlog
c:\users\chris nutsukpui\desktop\cpp\cpp\cachesim\build\include\cache-lib.dir\debug\cache-lib.tlog\cl.read.1.tlog
c:\users\chris nutsukpui\desktop\cpp\cpp\cachesim\build\include\cache-lib.dir\debug\cache-lib.tlog\cl.write.1.tlog
c:\users\chris nutsukpui\desktop\cpp\cpp\cachesim\build\include\cache-lib.dir\debug\cache-lib.tlog\custombuild.command.1.tlog
c:\users\chris nutsukpui\desktop\cpp\cpp\cachesim\build\include\cache-lib.dir\debug\cache-lib.tlog\custombuild.read.1.tlog
c:\users\chris nutsukpui\desktop\cpp\cpp\cachesim\build\include\cache-lib.dir\debug\cache-lib.tlog\custombuild.write.1.tlog
c:\users\chris nutsukpui\desktop\cpp\cpp\cachesim\build\include\cache-lib.dir\debug\cache-lib.tlog\lib-link.read.1.tlog
c:\users\chris nutsukpui\desktop\cpp\cpp\cachesim\build\include\cache-lib.dir\debug\cache-lib.tlog\lib-link.write.1.tlog
c:\users\chris nutsukpui\desktop\cpp\cpp\cachesim\build\include\cache-lib.dir\debug\cache-lib.tlog\lib.command.1.tlog
c:\users\chris nutsukpui\desktop\cpp\cpp\cachesim\build\include\cache-lib.dir\debug\cache-lib.tlog\link.command.1.tlog
c:\users\chris nutsukpui\desktop\cpp\cpp\cachesim\build\include\cache-lib.dir\debug\cache-lib.tlog\link.read.1.tlog
c:\users\chris nutsukpui\desktop\cpp\cpp\cachesim\build\include\cache-lib.dir\debug\cache-lib.tlog\link.secondary.1.tlog
c:\users\chris nutsukpui\desktop\cpp\cpp\cachesim\build\include\cache-lib.dir\debug\cache-lib.tlog\link.write.1.tlog
